2019-04-10 02:44:41.693 [main] INFO  o.s.b.t.c.SpringBootTestContextBootstrapper - Neither @ContextConfiguration nor @ContextHierarchy found for test class [cc.dt.mch.demo.service.impl.UserServiceImplTest], using SpringBootContextLoader
2019-04-10 02:44:41.721 [main] INFO  o.s.t.c.s.AbstractContextLoader - Could not detect default resource locations for test class [cc.dt.mch.demo.service.impl.UserServiceImplTest]: no resource found for suffixes {-context.xml, Context.groovy}.
2019-04-10 02:44:41.724 [main] INFO  o.s.t.c.s.AnnotationConfigContextLoaderUtils - Could not detect default configuration classes for test class [cc.dt.mch.demo.service.impl.UserServiceImplTest]: UserServiceImplTest does not declare any static, non-private, non-final, nested classes annotated with @Configuration.
2019-04-10 02:44:42.239 [main] INFO  o.s.b.t.c.SpringBootTestContextBootstrapper - Found @SpringBootConfiguration cc.dt.mch.demo.OpenClassApplication for test class cc.dt.mch.demo.service.impl.UserServiceImplTest
2019-04-10 02:44:42.915 [main] INFO  o.s.b.t.c.SpringBootTestContextBootstrapper - Loaded default TestExecutionListener class names from location [META-INF/spring.factories]: [org.springframework.boot.test.mock.mockito.MockitoTestExecutionListener, org.springframework.boot.test.mock.mockito.ResetMocksTestExecutionListener, org.springframework.boot.test.autoconfigure.restdocs.RestDocsTestExecutionListener, org.springframework.boot.test.autoconfigure.web.client.MockRestServiceServerResetTestExecutionListener, org.springframework.boot.test.autoconfigure.web.servlet.MockMvcPrintOnlyOnFailureTestExecutionListener, org.springframework.boot.test.autoconfigure.web.servlet.WebDriverTestExecutionListener, org.springframework.test.context.web.ServletTestExecutionListener, org.springframework.test.context.support.DirtiesContextBeforeModesTestExecutionListener, org.springframework.test.context.support.DependencyInjectionTestExecutionListener, org.springframework.test.context.support.DirtiesContextTestExecutionListener, org.springframework.test.context.transaction.TransactionalTestExecutionListener, org.springframework.test.context.jdbc.SqlScriptsTestExecutionListener]
2019-04-10 02:44:42.996 [main] INFO  o.s.b.t.c.SpringBootTestContextBootstrapper - Using TestExecutionListeners: [org.springframework.test.context.web.ServletTestExecutionListener@6ff29830, org.springframework.test.context.support.DirtiesContextBeforeModesTestExecutionListener@6a2b953e, org.springframework.boot.test.mock.mockito.MockitoTestExecutionListener@313b2ea6, org.springframework.boot.test.autoconfigure.SpringBootDependencyInjectionTestExecutionListener@2f465398, org.springframework.test.context.support.DirtiesContextTestExecutionListener@548e6d58, org.springframework.test.context.transaction.TransactionalTestExecutionListener@623a8092, org.springframework.test.context.jdbc.SqlScriptsTestExecutionListener@a1cdc6d, org.springframework.boot.test.mock.mockito.ResetMocksTestExecutionListener@175b9425, org.springframework.boot.test.autoconfigure.restdocs.RestDocsTestExecutionListener@3098cf3b, org.springframework.boot.test.autoconfigure.web.client.MockRestServiceServerResetTestExecutionListener@610f7aa, org.springframework.boot.test.autoconfigure.web.servlet.MockMvcPrintOnlyOnFailureTestExecutionListener@6a03bcb1, org.springframework.boot.test.autoconfigure.web.servlet.WebDriverTestExecutionListener@21b2e768]
2019-04-10 02:44:45.802 [main] INFO  c.d.m.d.s.impl.UserServiceImplTest - Starting UserServiceImplTest on thinkpad-pc with PID 16592 (started by RID in E:\DevSoft\COURSE_sourcecode\open-class\mybatis-code-helper)
2019-04-10 02:44:45.802 [main] INFO  c.d.m.d.s.impl.UserServiceImplTest - The following profiles are active: dev
2019-04-10 02:44:49.681 [main] DEBUG o.m.s.mapper.ClassPathMapperScanner - Ignored because not a concrete top-level class: file [E:\DevSoft\COURSE_sourcecode\open-class\mybatis-code-helper\target\test-classes\cc\dt\mch\demo\service\impl\UserServiceImplTest.class]
2019-04-10 02:44:49.695 [main] DEBUG o.m.s.mapper.ClassPathMapperScanner - Ignored because not a concrete top-level class: file [E:\DevSoft\COURSE_sourcecode\open-class\mybatis-code-helper\target\classes\cc\dt\mch\demo\OpenClassApplication.class]
2019-04-10 02:44:49.696 [main] DEBUG o.m.s.mapper.ClassPathMapperScanner - Identified candidate component class: file [E:\DevSoft\COURSE_sourcecode\open-class\mybatis-code-helper\target\classes\cc\dt\mch\demo\dao\UserMapper.class]
2019-04-10 02:44:50.089 [main] DEBUG o.m.s.mapper.ClassPathMapperScanner - Ignored because not a concrete top-level class: file [E:\DevSoft\COURSE_sourcecode\open-class\mybatis-code-helper\target\classes\cc\dt\mch\demo\pojo\User.class]
2019-04-10 02:44:50.089 [main] DEBUG o.m.s.mapper.ClassPathMapperScanner - Identified candidate component class: file [E:\DevSoft\COURSE_sourcecode\open-class\mybatis-code-helper\target\classes\cc\dt\mch\demo\service\UserService.class]
2019-04-10 02:44:50.097 [main] DEBUG o.m.s.mapper.ClassPathMapperScanner - Ignored because not a concrete top-level class: file [E:\DevSoft\COURSE_sourcecode\open-class\mybatis-code-helper\target\classes\cc\dt\mch\demo\service\impl\UserServiceImpl.class]
2019-04-10 02:44:50.103 [main] DEBUG o.m.s.mapper.ClassPathMapperScanner - Creating MapperFactoryBean with name 'userMapper' and 'cc.dt.mch.demo.dao.UserMapper' mapperInterface
2019-04-10 02:44:50.105 [main] DEBUG o.m.s.mapper.ClassPathMapperScanner - Enabling autowire by type for MapperFactoryBean with name 'userMapper'.
2019-04-10 02:44:50.106 [main] DEBUG o.m.s.mapper.ClassPathMapperScanner - Creating MapperFactoryBean with name 'userService' and 'cc.dt.mch.demo.service.UserService' mapperInterface
2019-04-10 02:44:50.107 [main] DEBUG o.m.s.mapper.ClassPathMapperScanner - Enabling autowire by type for MapperFactoryBean with name 'userService'.
2019-04-10 02:44:50.918 [main] INFO  o.s.d.r.c.RepositoryConfigurationDelegate - Bootstrapping Spring Data repositories in DEFAULT mode.
2019-04-10 02:44:51.047 [main] INFO  o.s.d.r.c.RepositoryConfigurationDelegate - Finished Spring Data repository scanning in 99ms. Found 0 repository interfaces.
2019-04-10 02:44:53.625 [main] INFO  o.s.c.s.PostProcessorRegistrationDelegate$BeanPostProcessorChecker - Bean 'org.springframework.transaction.annotation.ProxyTransactionManagementConfiguration' of type [org.springframework.transaction.annotation.ProxyTransactionManagementConfiguration$$EnhancerBySpringCGLIB$$ccac8e0f] is not eligible for getting processed by all BeanPostProcessors (for example: not eligible for auto-proxying)
2019-04-10 02:44:55.562 [main] INFO  c.alibaba.druid.pool.DruidDataSource - {dataSource-1} inited
2019-04-10 02:44:58.159 [main] INFO  o.h.jpa.internal.util.LogHelper - HHH000204: Processing PersistenceUnitInfo [
	name: default
	...]
2019-04-10 02:44:58.778 [main] INFO  org.hibernate.Version - HHH000412: Hibernate Core {5.3.7.Final}
2019-04-10 02:44:58.786 [main] INFO  org.hibernate.cfg.Environment - HHH000206: hibernate.properties not found
2019-04-10 02:45:00.031 [main] INFO  o.h.annotations.common.Version - HCANN000001: Hibernate Commons Annotations {5.0.4.Final}
2019-04-10 02:45:02.208 [main] INFO  org.hibernate.dialect.Dialect - HHH000400: Using dialect: org.hibernate.dialect.MySQL5Dialect
2019-04-10 02:45:03.416 [main] INFO  o.s.o.j.LocalContainerEntityManagerFactoryBean - Initialized JPA EntityManagerFactory for persistence unit 'default'
2019-04-10 02:45:04.124 [main] DEBUG org.apache.ibatis.logging.LogFactory - Logging initialized using 'class org.apache.ibatis.logging.slf4j.Slf4jImpl' adapter.
2019-04-10 02:45:04.733 [main] DEBUG o.m.spring.SqlSessionFactoryBean - Parsed mapper file: 'file [E:\DevSoft\COURSE_sourcecode\open-class\mybatis-code-helper\target\classes\mapper\UserMapper.xml]'
2019-04-10 02:45:08.965 [main] INFO  o.s.s.c.ThreadPoolTaskExecutor - Initializing ExecutorService 'applicationTaskExecutor'
2019-04-10 02:45:09.369 [main] WARN  o.s.b.a.o.j.JpaBaseConfiguration$JpaWebConfiguration$JpaWebMvcConfiguration - spring.jpa.open-in-view is enabled by default. Therefore, database queries may be performed during view rendering. Explicitly configure spring.jpa.open-in-view to disable this warning
2019-04-10 02:45:14.747 [main] INFO  c.d.m.d.s.impl.UserServiceImplTest - Started UserServiceImplTest in 31.258 seconds (JVM running for 36.63)
2019-04-10 02:45:15.316 [main] DEBUG org.mybatis.spring.SqlSessionUtils - Creating a new SqlSession
2019-04-10 02:45:15.326 [main] DEBUG org.mybatis.spring.SqlSessionUtils - SqlSession [org.apache.ibatis.session.defaults.DefaultSqlSession@6af310c7] was not registered for synchronization because synchronization is not active
2019-04-10 02:45:15.488 [main] DEBUG o.m.s.t.SpringManagedTransaction - JDBC Connection [com.mysql.cj.jdbc.ConnectionImpl@634f58d2] will not be managed by Spring
2019-04-10 02:45:15.619 [main] DEBUG org.mybatis.spring.SqlSessionUtils - Closing non transactional SqlSession [org.apache.ibatis.session.defaults.DefaultSqlSession@6af310c7]
2019-04-10 02:45:15.637 [Thread-5] INFO  o.s.s.c.ThreadPoolTaskExecutor - Shutting down ExecutorService 'applicationTaskExecutor'
2019-04-10 02:45:15.639 [Thread-5] INFO  o.s.o.j.LocalContainerEntityManagerFactoryBean - Closing JPA EntityManagerFactory for persistence unit 'default'
2019-04-10 02:45:15.649 [Thread-5] INFO  c.alibaba.druid.pool.DruidDataSource - {dataSource-1} closed
2019-04-10 02:45:39.211 [main] INFO  o.s.b.t.c.SpringBootTestContextBootstrapper - Neither @ContextConfiguration nor @ContextHierarchy found for test class [cc.dt.mch.demo.service.impl.UserServiceImplTest], using SpringBootContextLoader
2019-04-10 02:45:39.241 [main] INFO  o.s.t.c.s.AbstractContextLoader - Could not detect default resource locations for test class [cc.dt.mch.demo.service.impl.UserServiceImplTest]: no resource found for suffixes {-context.xml, Context.groovy}.
2019-04-10 02:45:39.259 [main] INFO  o.s.t.c.s.AnnotationConfigContextLoaderUtils - Could not detect default configuration classes for test class [cc.dt.mch.demo.service.impl.UserServiceImplTest]: UserServiceImplTest does not declare any static, non-private, non-final, nested classes annotated with @Configuration.
2019-04-10 02:45:39.687 [main] INFO  o.s.b.t.c.SpringBootTestContextBootstrapper - Found @SpringBootConfiguration cc.dt.mch.demo.OpenClassApplication for test class cc.dt.mch.demo.service.impl.UserServiceImplTest
2019-04-10 02:45:40.101 [main] INFO  o.s.b.t.c.SpringBootTestContextBootstrapper - Loaded default TestExecutionListener class names from location [META-INF/spring.factories]: [org.springframework.boot.test.mock.mockito.MockitoTestExecutionListener, org.springframework.boot.test.mock.mockito.ResetMocksTestExecutionListener, org.springframework.boot.test.autoconfigure.restdocs.RestDocsTestExecutionListener, org.springframework.boot.test.autoconfigure.web.client.MockRestServiceServerResetTestExecutionListener, org.springframework.boot.test.autoconfigure.web.servlet.MockMvcPrintOnlyOnFailureTestExecutionListener, org.springframework.boot.test.autoconfigure.web.servlet.WebDriverTestExecutionListener, org.springframework.test.context.web.ServletTestExecutionListener, org.springframework.test.context.support.DirtiesContextBeforeModesTestExecutionListener, org.springframework.test.context.support.DependencyInjectionTestExecutionListener, org.springframework.test.context.support.DirtiesContextTestExecutionListener, org.springframework.test.context.transaction.TransactionalTestExecutionListener, org.springframework.test.context.jdbc.SqlScriptsTestExecutionListener]
2019-04-10 02:45:40.182 [main] INFO  o.s.b.t.c.SpringBootTestContextBootstrapper - Using TestExecutionListeners: [org.springframework.test.context.web.ServletTestExecutionListener@6ff29830, org.springframework.test.context.support.DirtiesContextBeforeModesTestExecutionListener@6a2b953e, org.springframework.boot.test.mock.mockito.MockitoTestExecutionListener@313b2ea6, org.springframework.boot.test.autoconfigure.SpringBootDependencyInjectionTestExecutionListener@2f465398, org.springframework.test.context.support.DirtiesContextTestExecutionListener@548e6d58, org.springframework.test.context.transaction.TransactionalTestExecutionListener@623a8092, org.springframework.test.context.jdbc.SqlScriptsTestExecutionListener@a1cdc6d, org.springframework.boot.test.mock.mockito.ResetMocksTestExecutionListener@175b9425, org.springframework.boot.test.autoconfigure.restdocs.RestDocsTestExecutionListener@3098cf3b, org.springframework.boot.test.autoconfigure.web.client.MockRestServiceServerResetTestExecutionListener@610f7aa, org.springframework.boot.test.autoconfigure.web.servlet.MockMvcPrintOnlyOnFailureTestExecutionListener@6a03bcb1, org.springframework.boot.test.autoconfigure.web.servlet.WebDriverTestExecutionListener@21b2e768]
2019-04-10 02:45:43.048 [main] INFO  c.d.m.d.s.impl.UserServiceImplTest - Starting UserServiceImplTest on thinkpad-pc with PID 22600 (started by RID in E:\DevSoft\COURSE_sourcecode\open-class\mybatis-code-helper)
2019-04-10 02:45:43.048 [main] INFO  c.d.m.d.s.impl.UserServiceImplTest - The following profiles are active: dev
2019-04-10 02:45:45.595 [main] DEBUG o.m.s.mapper.ClassPathMapperScanner - Ignored because not a concrete top-level class: file [E:\DevSoft\COURSE_sourcecode\open-class\mybatis-code-helper\target\test-classes\cc\dt\mch\demo\service\impl\UserServiceImplTest.class]
2019-04-10 02:45:45.597 [main] DEBUG o.m.s.mapper.ClassPathMapperScanner - Ignored because not a concrete top-level class: file [E:\DevSoft\COURSE_sourcecode\open-class\mybatis-code-helper\target\classes\cc\dt\mch\demo\OpenClassApplication.class]
2019-04-10 02:45:45.597 [main] DEBUG o.m.s.mapper.ClassPathMapperScanner - Identified candidate component class: file [E:\DevSoft\COURSE_sourcecode\open-class\mybatis-code-helper\target\classes\cc\dt\mch\demo\dao\UserMapper.class]
2019-04-10 02:45:45.597 [main] DEBUG o.m.s.mapper.ClassPathMapperScanner - Ignored because not a concrete top-level class: file [E:\DevSoft\COURSE_sourcecode\open-class\mybatis-code-helper\target\classes\cc\dt\mch\demo\pojo\User.class]
2019-04-10 02:45:45.597 [main] DEBUG o.m.s.mapper.ClassPathMapperScanner - Identified candidate component class: file [E:\DevSoft\COURSE_sourcecode\open-class\mybatis-code-helper\target\classes\cc\dt\mch\demo\service\UserService.class]
2019-04-10 02:45:45.605 [main] DEBUG o.m.s.mapper.ClassPathMapperScanner - Ignored because not a concrete top-level class: file [E:\DevSoft\COURSE_sourcecode\open-class\mybatis-code-helper\target\classes\cc\dt\mch\demo\service\impl\UserServiceImpl.class]
2019-04-10 02:45:45.607 [main] DEBUG o.m.s.mapper.ClassPathMapperScanner - Creating MapperFactoryBean with name 'userMapper' and 'cc.dt.mch.demo.dao.UserMapper' mapperInterface
2019-04-10 02:45:45.607 [main] DEBUG o.m.s.mapper.ClassPathMapperScanner - Enabling autowire by type for MapperFactoryBean with name 'userMapper'.
2019-04-10 02:45:45.607 [main] DEBUG o.m.s.mapper.ClassPathMapperScanner - Creating MapperFactoryBean with name 'userService' and 'cc.dt.mch.demo.service.UserService' mapperInterface
2019-04-10 02:45:45.607 [main] DEBUG o.m.s.mapper.ClassPathMapperScanner - Enabling autowire by type for MapperFactoryBean with name 'userService'.
2019-04-10 02:45:46.386 [main] INFO  o.s.d.r.c.RepositoryConfigurationDelegate - Bootstrapping Spring Data repositories in DEFAULT mode.
2019-04-10 02:45:46.457 [main] INFO  o.s.d.r.c.RepositoryConfigurationDelegate - Finished Spring Data repository scanning in 50ms. Found 0 repository interfaces.
2019-04-10 02:45:48.569 [main] INFO  o.s.c.s.PostProcessorRegistrationDelegate$BeanPostProcessorChecker - Bean 'org.springframework.transaction.annotation.ProxyTransactionManagementConfiguration' of type [org.springframework.transaction.annotation.ProxyTransactionManagementConfiguration$$EnhancerBySpringCGLIB$$610a9cf3] is not eligible for getting processed by all BeanPostProcessors (for example: not eligible for auto-proxying)
2019-04-10 02:45:50.074 [main] INFO  c.alibaba.druid.pool.DruidDataSource - {dataSource-1} inited
2019-04-10 02:45:51.823 [main] INFO  o.h.jpa.internal.util.LogHelper - HHH000204: Processing PersistenceUnitInfo [
	name: default
	...]
2019-04-10 02:45:52.424 [main] INFO  org.hibernate.Version - HHH000412: Hibernate Core {5.3.7.Final}
2019-04-10 02:45:52.451 [main] INFO  org.hibernate.cfg.Environment - HHH000206: hibernate.properties not found
2019-04-10 02:45:53.201 [main] INFO  o.h.annotations.common.Version - HCANN000001: Hibernate Commons Annotations {5.0.4.Final}
2019-04-10 02:45:55.574 [main] INFO  org.hibernate.dialect.Dialect - HHH000400: Using dialect: org.hibernate.dialect.MySQL5Dialect
2019-04-10 02:45:56.877 [main] INFO  o.s.o.j.LocalContainerEntityManagerFactoryBean - Initialized JPA EntityManagerFactory for persistence unit 'default'
2019-04-10 02:45:57.148 [main] DEBUG org.apache.ibatis.logging.LogFactory - Logging initialized using 'class org.apache.ibatis.logging.slf4j.Slf4jImpl' adapter.
2019-04-10 02:45:57.909 [main] DEBUG o.m.spring.SqlSessionFactoryBean - Parsed mapper file: 'file [E:\DevSoft\COURSE_sourcecode\open-class\mybatis-code-helper\target\classes\mapper\UserMapper.xml]'
2019-04-10 02:46:01.034 [main] INFO  o.s.s.c.ThreadPoolTaskExecutor - Initializing ExecutorService 'applicationTaskExecutor'
2019-04-10 02:46:01.357 [main] WARN  o.s.b.a.o.j.JpaBaseConfiguration$JpaWebConfiguration$JpaWebMvcConfiguration - spring.jpa.open-in-view is enabled by default. Therefore, database queries may be performed during view rendering. Explicitly configure spring.jpa.open-in-view to disable this warning
2019-04-10 02:46:04.052 [main] INFO  c.d.m.d.s.impl.UserServiceImplTest - Started UserServiceImplTest in 23.463 seconds (JVM running for 27.371)
2019-04-10 02:46:05.052 [main] DEBUG org.mybatis.spring.SqlSessionUtils - Creating a new SqlSession
2019-04-10 02:46:05.153 [main] DEBUG org.mybatis.spring.SqlSessionUtils - SqlSession [org.apache.ibatis.session.defaults.DefaultSqlSession@4c38cd16] was not registered for synchronization because synchronization is not active
2019-04-10 02:46:05.386 [main] DEBUG o.m.s.t.SpringManagedTransaction - JDBC Connection [com.mysql.cj.jdbc.ConnectionImpl@7b18658a] will not be managed by Spring
2019-04-10 02:46:05.701 [main] DEBUG org.mybatis.spring.SqlSessionUtils - Closing non transactional SqlSession [org.apache.ibatis.session.defaults.DefaultSqlSession@4c38cd16]
2019-04-10 02:46:05.932 [Thread-5] INFO  o.s.s.c.ThreadPoolTaskExecutor - Shutting down ExecutorService 'applicationTaskExecutor'
2019-04-10 02:46:05.932 [Thread-5] INFO  o.s.o.j.LocalContainerEntityManagerFactoryBean - Closing JPA EntityManagerFactory for persistence unit 'default'
2019-04-10 02:46:05.952 [Thread-5] INFO  c.alibaba.druid.pool.DruidDataSource - {dataSource-1} closed
2019-04-10 02:53:27.820 [main] INFO  o.s.b.t.c.SpringBootTestContextBootstrapper - Neither @ContextConfiguration nor @ContextHierarchy found for test class [cc.dt.mch.demo.service.impl.UserServiceImplTest], using SpringBootContextLoader
2019-04-10 02:53:27.840 [main] INFO  o.s.t.c.s.AbstractContextLoader - Could not detect default resource locations for test class [cc.dt.mch.demo.service.impl.UserServiceImplTest]: no resource found for suffixes {-context.xml, Context.groovy}.
2019-04-10 02:53:27.840 [main] INFO  o.s.t.c.s.AnnotationConfigContextLoaderUtils - Could not detect default configuration classes for test class [cc.dt.mch.demo.service.impl.UserServiceImplTest]: UserServiceImplTest does not declare any static, non-private, non-final, nested classes annotated with @Configuration.
2019-04-10 02:53:28.169 [main] INFO  o.s.b.t.c.SpringBootTestContextBootstrapper - Found @SpringBootConfiguration cc.dt.mch.demo.OpenClassApplication for test class cc.dt.mch.demo.service.impl.UserServiceImplTest
2019-04-10 02:53:28.575 [main] INFO  o.s.b.t.c.SpringBootTestContextBootstrapper - Loaded default TestExecutionListener class names from location [META-INF/spring.factories]: [org.springframework.boot.test.mock.mockito.MockitoTestExecutionListener, org.springframework.boot.test.mock.mockito.ResetMocksTestExecutionListener, org.springframework.boot.test.autoconfigure.restdocs.RestDocsTestExecutionListener, org.springframework.boot.test.autoconfigure.web.client.MockRestServiceServerResetTestExecutionListener, org.springframework.boot.test.autoconfigure.web.servlet.MockMvcPrintOnlyOnFailureTestExecutionListener, org.springframework.boot.test.autoconfigure.web.servlet.WebDriverTestExecutionListener, org.springframework.test.context.web.ServletTestExecutionListener, org.springframework.test.context.support.DirtiesContextBeforeModesTestExecutionListener, org.springframework.test.context.support.DependencyInjectionTestExecutionListener, org.springframework.test.context.support.DirtiesContextTestExecutionListener, org.springframework.test.context.transaction.TransactionalTestExecutionListener, org.springframework.test.context.jdbc.SqlScriptsTestExecutionListener]
2019-04-10 02:53:28.625 [main] INFO  o.s.b.t.c.SpringBootTestContextBootstrapper - Using TestExecutionListeners: [org.springframework.test.context.web.ServletTestExecutionListener@2f465398, org.springframework.test.context.support.DirtiesContextBeforeModesTestExecutionListener@548e6d58, org.springframework.boot.test.mock.mockito.MockitoTestExecutionListener@623a8092, org.springframework.boot.test.autoconfigure.SpringBootDependencyInjectionTestExecutionListener@a1cdc6d, org.springframework.test.context.support.DirtiesContextTestExecutionListener@175b9425, org.springframework.test.context.transaction.TransactionalTestExecutionListener@3098cf3b, org.springframework.test.context.jdbc.SqlScriptsTestExecutionListener@610f7aa, org.springframework.boot.test.mock.mockito.ResetMocksTestExecutionListener@6a03bcb1, org.springframework.boot.test.autoconfigure.restdocs.RestDocsTestExecutionListener@21b2e768, org.springframework.boot.test.autoconfigure.web.client.MockRestServiceServerResetTestExecutionListener@57250572, org.springframework.boot.test.autoconfigure.web.servlet.MockMvcPrintOnlyOnFailureTestExecutionListener@5609159b, org.springframework.boot.test.autoconfigure.web.servlet.WebDriverTestExecutionListener@2118cddf]
2019-04-10 02:53:30.553 [main] INFO  c.d.m.d.s.impl.UserServiceImplTest - Starting UserServiceImplTest on thinkpad-pc with PID 23392 (started by RID in E:\DevSoft\COURSE_sourcecode\open-class\mybatis-code-helper)
2019-04-10 02:53:30.563 [main] DEBUG c.d.m.d.s.impl.UserServiceImplTest - Running with Spring Boot v2.1.2.RELEASE, Spring v5.1.4.RELEASE
2019-04-10 02:53:30.563 [main] INFO  c.d.m.d.s.impl.UserServiceImplTest - The following profiles are active: dev
2019-04-10 02:53:32.226 [main] DEBUG o.m.s.mapper.ClassPathMapperScanner - Ignored because not a concrete top-level class: file [E:\DevSoft\COURSE_sourcecode\open-class\mybatis-code-helper\target\test-classes\cc\dt\mch\demo\service\impl\UserServiceImplTest.class]
2019-04-10 02:53:32.234 [main] DEBUG o.m.s.mapper.ClassPathMapperScanner - Ignored because not a concrete top-level class: file [E:\DevSoft\COURSE_sourcecode\open-class\mybatis-code-helper\target\classes\cc\dt\mch\demo\OpenClassApplication.class]
2019-04-10 02:53:32.236 [main] DEBUG o.m.s.mapper.ClassPathMapperScanner - Identified candidate component class: file [E:\DevSoft\COURSE_sourcecode\open-class\mybatis-code-helper\target\classes\cc\dt\mch\demo\dao\UserMapper.class]
2019-04-10 02:53:32.236 [main] DEBUG o.m.s.mapper.ClassPathMapperScanner - Ignored because not a concrete top-level class: file [E:\DevSoft\COURSE_sourcecode\open-class\mybatis-code-helper\target\classes\cc\dt\mch\demo\pojo\User.class]
2019-04-10 02:53:32.236 [main] DEBUG o.m.s.mapper.ClassPathMapperScanner - Identified candidate component class: file [E:\DevSoft\COURSE_sourcecode\open-class\mybatis-code-helper\target\classes\cc\dt\mch\demo\service\UserService.class]
2019-04-10 02:53:32.244 [main] DEBUG o.m.s.mapper.ClassPathMapperScanner - Ignored because not a concrete top-level class: file [E:\DevSoft\COURSE_sourcecode\open-class\mybatis-code-helper\target\classes\cc\dt\mch\demo\service\impl\UserServiceImpl.class]
2019-04-10 02:53:32.246 [main] DEBUG o.m.s.mapper.ClassPathMapperScanner - Creating MapperFactoryBean with name 'userMapper' and 'cc.dt.mch.demo.dao.UserMapper' mapperInterface
2019-04-10 02:53:32.246 [main] DEBUG o.m.s.mapper.ClassPathMapperScanner - Enabling autowire by type for MapperFactoryBean with name 'userMapper'.
2019-04-10 02:53:32.246 [main] DEBUG o.m.s.mapper.ClassPathMapperScanner - Creating MapperFactoryBean with name 'userService' and 'cc.dt.mch.demo.service.UserService' mapperInterface
2019-04-10 02:53:32.246 [main] DEBUG o.m.s.mapper.ClassPathMapperScanner - Enabling autowire by type for MapperFactoryBean with name 'userService'.
2019-04-10 02:53:32.600 [main] INFO  o.s.d.r.c.RepositoryConfigurationDelegate - Bootstrapping Spring Data repositories in DEFAULT mode.
2019-04-10 02:53:32.660 [main] INFO  o.s.d.r.c.RepositoryConfigurationDelegate - Finished Spring Data repository scanning in 40ms. Found 0 repository interfaces.
2019-04-10 02:53:33.611 [main] INFO  o.s.c.s.PostProcessorRegistrationDelegate$BeanPostProcessorChecker - Bean 'org.springframework.transaction.annotation.ProxyTransactionManagementConfiguration' of type [org.springframework.transaction.annotation.ProxyTransactionManagementConfiguration$$EnhancerBySpringCGLIB$$2caeb1a1] is not eligible for getting processed by all BeanPostProcessors (for example: not eligible for auto-proxying)
2019-04-10 02:53:34.672 [main] INFO  c.alibaba.druid.pool.DruidDataSource - {dataSource-1} inited
2019-04-10 02:53:35.433 [main] INFO  o.h.jpa.internal.util.LogHelper - HHH000204: Processing PersistenceUnitInfo [
	name: default
	...]
2019-04-10 02:53:35.627 [main] INFO  org.hibernate.Version - HHH000412: Hibernate Core {5.3.7.Final}
2019-04-10 02:53:35.643 [main] INFO  org.hibernate.cfg.Environment - HHH000206: hibernate.properties not found
2019-04-10 02:53:36.013 [main] INFO  o.h.annotations.common.Version - HCANN000001: Hibernate Commons Annotations {5.0.4.Final}
2019-04-10 02:53:36.882 [main] INFO  org.hibernate.dialect.Dialect - HHH000400: Using dialect: org.hibernate.dialect.MySQL5Dialect
2019-04-10 02:53:37.437 [main] INFO  o.s.o.j.LocalContainerEntityManagerFactoryBean - Initialized JPA EntityManagerFactory for persistence unit 'default'
2019-04-10 02:53:37.522 [main] DEBUG org.apache.ibatis.logging.LogFactory - Logging initialized using 'class org.apache.ibatis.logging.slf4j.Slf4jImpl' adapter.
2019-04-10 02:53:37.800 [main] DEBUG o.m.spring.SqlSessionFactoryBean - Parsed mapper file: 'file [E:\DevSoft\COURSE_sourcecode\open-class\mybatis-code-helper\target\classes\mapper\UserMapper.xml]'
2019-04-10 02:53:39.225 [main] INFO  o.s.s.c.ThreadPoolTaskExecutor - Initializing ExecutorService 'applicationTaskExecutor'
2019-04-10 02:53:39.346 [main] WARN  o.s.b.a.o.j.JpaBaseConfiguration$JpaWebConfiguration$JpaWebMvcConfiguration - spring.jpa.open-in-view is enabled by default. Therefore, database queries may be performed during view rendering. Explicitly configure spring.jpa.open-in-view to disable this warning
2019-04-10 02:53:40.194 [main] INFO  c.d.m.d.s.impl.UserServiceImplTest - Started UserServiceImplTest in 10.984 seconds (JVM running for 14.624)
2019-04-10 02:53:40.608 [main] DEBUG org.mybatis.spring.SqlSessionUtils - Creating a new SqlSession
2019-04-10 02:53:40.618 [main] DEBUG org.mybatis.spring.SqlSessionUtils - SqlSession [org.apache.ibatis.session.defaults.DefaultSqlSession@4aed311e] was not registered for synchronization because synchronization is not active
2019-04-10 02:53:40.727 [main] DEBUG o.m.s.t.SpringManagedTransaction - JDBC Connection [com.mysql.cj.jdbc.ConnectionImpl@585513a8] will not be managed by Spring
2019-04-10 02:53:40.729 [main] DEBUG c.d.m.demo.dao.UserMapper.insertList - ==>  Preparing: INSERT INTO user( id )VALUES ( ? ) , ( ? ) , ( ? ) , ( ? ) , ( ? ) 
2019-04-10 02:53:40.778 [main] DEBUG c.d.m.demo.dao.UserMapper.insertList - ==> Parameters: null, null, null, null, null
2019-04-10 02:53:40.818 [main] DEBUG c.d.m.demo.dao.UserMapper.insertList - <==    Updates: 5
2019-04-10 02:53:40.818 [main] DEBUG org.mybatis.spring.SqlSessionUtils - Closing non transactional SqlSession [org.apache.ibatis.session.defaults.DefaultSqlSession@4aed311e]
2019-04-10 02:53:40.830 [Thread-5] INFO  o.s.s.c.ThreadPoolTaskExecutor - Shutting down ExecutorService 'applicationTaskExecutor'
2019-04-10 02:53:40.830 [Thread-5] INFO  o.s.o.j.LocalContainerEntityManagerFactoryBean - Closing JPA EntityManagerFactory for persistence unit 'default'
2019-04-10 02:53:40.850 [Thread-5] INFO  c.alibaba.druid.pool.DruidDataSource - {dataSource-1} closed
2019-04-10 03:01:57.345 [main] INFO  o.s.b.t.c.SpringBootTestContextBootstrapper - Neither @ContextConfiguration nor @ContextHierarchy found for test class [cc.dt.mch.demo.service.impl.UserServiceImplTest], using SpringBootContextLoader
2019-04-10 03:01:57.361 [main] INFO  o.s.t.c.s.AbstractContextLoader - Could not detect default resource locations for test class [cc.dt.mch.demo.service.impl.UserServiceImplTest]: no resource found for suffixes {-context.xml, Context.groovy}.
2019-04-10 03:01:57.361 [main] INFO  o.s.t.c.s.AnnotationConfigContextLoaderUtils - Could not detect default configuration classes for test class [cc.dt.mch.demo.service.impl.UserServiceImplTest]: UserServiceImplTest does not declare any static, non-private, non-final, nested classes annotated with @Configuration.
2019-04-10 03:01:57.716 [main] INFO  o.s.b.t.c.SpringBootTestContextBootstrapper - Found @SpringBootConfiguration cc.dt.mch.demo.OpenClassApplication for test class cc.dt.mch.demo.service.impl.UserServiceImplTest
2019-04-10 03:01:58.050 [main] INFO  o.s.b.t.c.SpringBootTestContextBootstrapper - Loaded default TestExecutionListener class names from location [META-INF/spring.factories]: [org.springframework.boot.test.mock.mockito.MockitoTestExecutionListener, org.springframework.boot.test.mock.mockito.ResetMocksTestExecutionListener, org.springframework.boot.test.autoconfigure.restdocs.RestDocsTestExecutionListener, org.springframework.boot.test.autoconfigure.web.client.MockRestServiceServerResetTestExecutionListener, org.springframework.boot.test.autoconfigure.web.servlet.MockMvcPrintOnlyOnFailureTestExecutionListener, org.springframework.boot.test.autoconfigure.web.servlet.WebDriverTestExecutionListener, org.springframework.test.context.web.ServletTestExecutionListener, org.springframework.test.context.support.DirtiesContextBeforeModesTestExecutionListener, org.springframework.test.context.support.DependencyInjectionTestExecutionListener, org.springframework.test.context.support.DirtiesContextTestExecutionListener, org.springframework.test.context.transaction.TransactionalTestExecutionListener, org.springframework.test.context.jdbc.SqlScriptsTestExecutionListener]
2019-04-10 03:01:58.090 [main] INFO  o.s.b.t.c.SpringBootTestContextBootstrapper - Using TestExecutionListeners: [org.springframework.test.context.web.ServletTestExecutionListener@2f465398, org.springframework.test.context.support.DirtiesContextBeforeModesTestExecutionListener@548e6d58, org.springframework.boot.test.mock.mockito.MockitoTestExecutionListener@623a8092, org.springframework.boot.test.autoconfigure.SpringBootDependencyInjectionTestExecutionListener@a1cdc6d, org.springframework.test.context.support.DirtiesContextTestExecutionListener@175b9425, org.springframework.test.context.transaction.TransactionalTestExecutionListener@3098cf3b, org.springframework.test.context.jdbc.SqlScriptsTestExecutionListener@610f7aa, org.springframework.boot.test.mock.mockito.ResetMocksTestExecutionListener@6a03bcb1, org.springframework.boot.test.autoconfigure.restdocs.RestDocsTestExecutionListener@21b2e768, org.springframework.boot.test.autoconfigure.web.client.MockRestServiceServerResetTestExecutionListener@57250572, org.springframework.boot.test.autoconfigure.web.servlet.MockMvcPrintOnlyOnFailureTestExecutionListener@5609159b, org.springframework.boot.test.autoconfigure.web.servlet.WebDriverTestExecutionListener@2118cddf]
2019-04-10 03:01:59.903 [main] INFO  c.d.m.d.s.impl.UserServiceImplTest - Starting UserServiceImplTest on thinkpad-pc with PID 28664 (started by RID in E:\DevSoft\COURSE_sourcecode\open-class\mybatis-code-helper)
2019-04-10 03:01:59.925 [main] DEBUG c.d.m.d.s.impl.UserServiceImplTest - Running with Spring Boot v2.1.2.RELEASE, Spring v5.1.4.RELEASE
2019-04-10 03:01:59.925 [main] INFO  c.d.m.d.s.impl.UserServiceImplTest - The following profiles are active: dev
2019-04-10 03:02:01.662 [main] DEBUG o.m.s.mapper.ClassPathMapperScanner - Ignored because not a concrete top-level class: file [E:\DevSoft\COURSE_sourcecode\open-class\mybatis-code-helper\target\test-classes\cc\dt\mch\demo\service\impl\UserServiceImplTest.class]
2019-04-10 03:02:01.662 [main] DEBUG o.m.s.mapper.ClassPathMapperScanner - Ignored because not a concrete top-level class: file [E:\DevSoft\COURSE_sourcecode\open-class\mybatis-code-helper\target\classes\cc\dt\mch\demo\OpenClassApplication.class]
2019-04-10 03:02:01.662 [main] DEBUG o.m.s.mapper.ClassPathMapperScanner - Identified candidate component class: file [E:\DevSoft\COURSE_sourcecode\open-class\mybatis-code-helper\target\classes\cc\dt\mch\demo\dao\UserMapper.class]
2019-04-10 03:02:01.662 [main] DEBUG o.m.s.mapper.ClassPathMapperScanner - Ignored because not a concrete top-level class: file [E:\DevSoft\COURSE_sourcecode\open-class\mybatis-code-helper\target\classes\cc\dt\mch\demo\pojo\User.class]
2019-04-10 03:02:01.662 [main] DEBUG o.m.s.mapper.ClassPathMapperScanner - Identified candidate component class: file [E:\DevSoft\COURSE_sourcecode\open-class\mybatis-code-helper\target\classes\cc\dt\mch\demo\service\UserService.class]
2019-04-10 03:02:01.662 [main] DEBUG o.m.s.mapper.ClassPathMapperScanner - Ignored because not a concrete top-level class: file [E:\DevSoft\COURSE_sourcecode\open-class\mybatis-code-helper\target\classes\cc\dt\mch\demo\service\impl\UserServiceImpl.class]
2019-04-10 03:02:01.662 [main] DEBUG o.m.s.mapper.ClassPathMapperScanner - Creating MapperFactoryBean with name 'userMapper' and 'cc.dt.mch.demo.dao.UserMapper' mapperInterface
2019-04-10 03:02:01.671 [main] DEBUG o.m.s.mapper.ClassPathMapperScanner - Enabling autowire by type for MapperFactoryBean with name 'userMapper'.
2019-04-10 03:02:01.671 [main] DEBUG o.m.s.mapper.ClassPathMapperScanner - Creating MapperFactoryBean with name 'userService' and 'cc.dt.mch.demo.service.UserService' mapperInterface
2019-04-10 03:02:01.671 [main] DEBUG o.m.s.mapper.ClassPathMapperScanner - Enabling autowire by type for MapperFactoryBean with name 'userService'.
2019-04-10 03:02:02.086 [main] INFO  o.s.d.r.c.RepositoryConfigurationDelegate - Bootstrapping Spring Data repositories in DEFAULT mode.
2019-04-10 03:02:02.144 [main] INFO  o.s.d.r.c.RepositoryConfigurationDelegate - Finished Spring Data repository scanning in 38ms. Found 0 repository interfaces.
2019-04-10 03:02:03.397 [main] INFO  o.s.c.s.PostProcessorRegistrationDelegate$BeanPostProcessorChecker - Bean 'org.springframework.transaction.annotation.ProxyTransactionManagementConfiguration' of type [org.springframework.transaction.annotation.ProxyTransactionManagementConfiguration$$EnhancerBySpringCGLIB$$c9e9ed97] is not eligible for getting processed by all BeanPostProcessors (for example: not eligible for auto-proxying)
2019-04-10 03:02:04.518 [main] INFO  c.alibaba.druid.pool.DruidDataSource - {dataSource-1} inited
2019-04-10 03:02:05.781 [main] INFO  o.h.jpa.internal.util.LogHelper - HHH000204: Processing PersistenceUnitInfo [
	name: default
	...]
2019-04-10 03:02:06.265 [main] INFO  org.hibernate.Version - HHH000412: Hibernate Core {5.3.7.Final}
2019-04-10 03:02:06.284 [main] INFO  org.hibernate.cfg.Environment - HHH000206: hibernate.properties not found
2019-04-10 03:02:06.862 [main] INFO  o.h.annotations.common.Version - HCANN000001: Hibernate Commons Annotations {5.0.4.Final}
2019-04-10 03:02:08.079 [main] INFO  org.hibernate.dialect.Dialect - HHH000400: Using dialect: org.hibernate.dialect.MySQL5Dialect
2019-04-10 03:02:08.921 [main] INFO  o.s.o.j.LocalContainerEntityManagerFactoryBean - Initialized JPA EntityManagerFactory for persistence unit 'default'
2019-04-10 03:02:09.036 [main] DEBUG org.apache.ibatis.logging.LogFactory - Logging initialized using 'class org.apache.ibatis.logging.slf4j.Slf4jImpl' adapter.
2019-04-10 03:02:09.501 [main] DEBUG o.m.spring.SqlSessionFactoryBean - Parsed mapper file: 'file [E:\DevSoft\COURSE_sourcecode\open-class\mybatis-code-helper\target\classes\mapper\UserMapper.xml]'
2019-04-10 03:02:10.995 [main] INFO  o.s.s.c.ThreadPoolTaskExecutor - Initializing ExecutorService 'applicationTaskExecutor'
2019-04-10 03:02:11.157 [main] WARN  o.s.b.a.o.j.JpaBaseConfiguration$JpaWebConfiguration$JpaWebMvcConfiguration - spring.jpa.open-in-view is enabled by default. Therefore, database queries may be performed during view rendering. Explicitly configure spring.jpa.open-in-view to disable this warning
2019-04-10 03:02:12.146 [main] INFO  c.d.m.d.s.impl.UserServiceImplTest - Started UserServiceImplTest in 13.915 seconds (JVM running for 16.756)
2019-04-10 03:02:12.278 [main] ERROR o.s.test.context.TestContextManager - Caught exception while allowing TestExecutionListener [org.springframework.boot.test.autoconfigure.SpringBootDependencyInjectionTestExecutionListener@a1cdc6d] to prepare test instance [cc.dt.mch.demo.service.impl.UserServiceImplTest@1f15e689]
org.springframework.beans.factory.BeanCreationException: Error creating bean with name 'cc.dt.mch.demo.service.impl.UserServiceImplTest': Injection of resource dependencies failed; nested exception is org.springframework.beans.factory.NoSuchBeanDefinitionException: No qualifying bean of type 'cc.dt.mch.demo.service.UserService' available: expected at least 1 bean which qualifies as autowire candidate. Dependency annotations: {@org.springframework.beans.factory.annotation.Qualifier(value=usi), @javax.annotation.Resource(shareable=true, lookup=, name=, description=, authenticationType=CONTAINER, type=class java.lang.Object, mappedName=)}
	at org.springframework.context.annotation.CommonAnnotationBeanPostProcessor.postProcessProperties(CommonAnnotationBeanPostProcessor.java:324)
	at org.springframework.beans.factory.support.AbstractAutowireCapableBeanFactory.populateBean(AbstractAutowireCapableBeanFactory.java:1378)
	at org.springframework.beans.factory.support.AbstractAutowireCapableBeanFactory.autowireBeanProperties(AbstractAutowireCapableBeanFactory.java:396)
	at org.springframework.test.context.support.DependencyInjectionTestExecutionListener.injectDependencies(DependencyInjectionTestExecutionListener.java:119)
	at org.springframework.test.context.support.DependencyInjectionTestExecutionListener.prepareTestInstance(DependencyInjectionTestExecutionListener.java:83)
	at org.springframework.boot.test.autoconfigure.SpringBootDependencyInjectionTestExecutionListener.prepareTestInstance(SpringBootDependencyInjectionTestExecutionListener.java:44)
	at org.springframework.test.context.TestContextManager.prepareTestInstance(TestContextManager.java:246)
	at org.springframework.test.context.junit4.SpringJUnit4ClassRunner.createTest(SpringJUnit4ClassRunner.java:227)
	at org.springframework.test.context.junit4.SpringJUnit4ClassRunner$1.runReflectiveCall(SpringJUnit4ClassRunner.java:289)
	at org.junit.internal.runners.model.ReflectiveCallable.run(ReflectiveCallable.java:12)
	at org.springframework.test.context.junit4.SpringJUnit4ClassRunner.methodBlock(SpringJUnit4ClassRunner.java:291)
	at org.springframework.test.context.junit4.SpringJUnit4ClassRunner.runChild(SpringJUnit4ClassRunner.java:246)
	at org.springframework.test.context.junit4.SpringJUnit4ClassRunner.runChild(SpringJUnit4ClassRunner.java:97)
	at org.junit.runners.ParentRunner$3.run(ParentRunner.java:290)
	at org.junit.runners.ParentRunner$1.schedule(ParentRunner.java:71)
	at org.junit.runners.ParentRunner.runChildren(ParentRunner.java:288)
	at org.junit.runners.ParentRunner.access$000(ParentRunner.java:58)
	at org.junit.runners.ParentRunner$2.evaluate(ParentRunner.java:268)
	at org.springframework.test.context.junit4.statements.RunBeforeTestClassCallbacks.evaluate(RunBeforeTestClassCallbacks.java:61)
	at org.springframework.test.context.junit4.statements.RunAfterTestClassCallbacks.evaluate(RunAfterTestClassCallbacks.java:70)
	at org.junit.runners.ParentRunner.run(ParentRunner.java:363)
	at org.springframework.test.context.junit4.SpringJUnit4ClassRunner.run(SpringJUnit4ClassRunner.java:190)
	at org.junit.runner.JUnitCore.run(JUnitCore.java:137)
	at com.intellij.junit4.JUnit4IdeaTestRunner.startRunnerWithArgs(JUnit4IdeaTestRunner.java:68)
	at com.intellij.rt.execution.junit.IdeaTestRunner$Repeater.startRunnerWithArgs(IdeaTestRunner.java:47)
	at com.intellij.rt.execution.junit.JUnitStarter.prepareStreamsAndStart(JUnitStarter.java:242)
	at com.intellij.rt.execution.junit.JUnitStarter.main(JUnitStarter.java:70)
Caused by: org.springframework.beans.factory.NoSuchBeanDefinitionException: No qualifying bean of type 'cc.dt.mch.demo.service.UserService' available: expected at least 1 bean which qualifies as autowire candidate. Dependency annotations: {@org.springframework.beans.factory.annotation.Qualifier(value=usi), @javax.annotation.Resource(shareable=true, lookup=, name=, description=, authenticationType=CONTAINER, type=class java.lang.Object, mappedName=)}
	at org.springframework.beans.factory.support.DefaultListableBeanFactory.raiseNoMatchingBeanFound(DefaultListableBeanFactory.java:1651)
	at org.springframework.beans.factory.support.DefaultListableBeanFactory.doResolveDependency(DefaultListableBeanFactory.java:1210)
	at org.springframework.beans.factory.support.DefaultListableBeanFactory.resolveDependency(DefaultListableBeanFactory.java:1164)
	at org.springframework.context.annotation.CommonAnnotationBeanPostProcessor.autowireResource(CommonAnnotationBeanPostProcessor.java:518)
	at org.springframework.context.annotation.CommonAnnotationBeanPostProcessor.getResource(CommonAnnotationBeanPostProcessor.java:496)
	at org.springframework.context.annotation.CommonAnnotationBeanPostProcessor$ResourceElement.getResourceToInject(CommonAnnotationBeanPostProcessor.java:630)
	at org.springframework.beans.factory.annotation.InjectionMetadata$InjectedElement.inject(InjectionMetadata.java:180)
	at org.springframework.beans.factory.annotation.InjectionMetadata.inject(InjectionMetadata.java:90)
	at org.springframework.context.annotation.CommonAnnotationBeanPostProcessor.postProcessProperties(CommonAnnotationBeanPostProcessor.java:321)
	... 26 common frames omitted
2019-04-10 03:02:12.318 [Thread-5] INFO  o.s.s.c.ThreadPoolTaskExecutor - Shutting down ExecutorService 'applicationTaskExecutor'
2019-04-10 03:02:12.326 [Thread-5] INFO  o.s.o.j.LocalContainerEntityManagerFactoryBean - Closing JPA EntityManagerFactory for persistence unit 'default'
2019-04-10 03:02:12.338 [Thread-5] INFO  c.alibaba.druid.pool.DruidDataSource - {dataSource-1} closed
2019-04-10 03:02:59.412 [main] INFO  o.s.b.t.c.SpringBootTestContextBootstrapper - Neither @ContextConfiguration nor @ContextHierarchy found for test class [cc.dt.mch.demo.service.impl.UserServiceImplTest], using SpringBootContextLoader
2019-04-10 03:02:59.432 [main] INFO  o.s.t.c.s.AbstractContextLoader - Could not detect default resource locations for test class [cc.dt.mch.demo.service.impl.UserServiceImplTest]: no resource found for suffixes {-context.xml, Context.groovy}.
2019-04-10 03:02:59.442 [main] INFO  o.s.t.c.s.AnnotationConfigContextLoaderUtils - Could not detect default configuration classes for test class [cc.dt.mch.demo.service.impl.UserServiceImplTest]: UserServiceImplTest does not declare any static, non-private, non-final, nested classes annotated with @Configuration.
2019-04-10 03:02:59.808 [main] INFO  o.s.b.t.c.SpringBootTestContextBootstrapper - Found @SpringBootConfiguration cc.dt.mch.demo.OpenClassApplication for test class cc.dt.mch.demo.service.impl.UserServiceImplTest
2019-04-10 03:03:00.137 [main] INFO  o.s.b.t.c.SpringBootTestContextBootstrapper - Loaded default TestExecutionListener class names from location [META-INF/spring.factories]: [org.springframework.boot.test.mock.mockito.MockitoTestExecutionListener, org.springframework.boot.test.mock.mockito.ResetMocksTestExecutionListener, org.springframework.boot.test.autoconfigure.restdocs.RestDocsTestExecutionListener, org.springframework.boot.test.autoconfigure.web.client.MockRestServiceServerResetTestExecutionListener, org.springframework.boot.test.autoconfigure.web.servlet.MockMvcPrintOnlyOnFailureTestExecutionListener, org.springframework.boot.test.autoconfigure.web.servlet.WebDriverTestExecutionListener, org.springframework.test.context.web.ServletTestExecutionListener, org.springframework.test.context.support.DirtiesContextBeforeModesTestExecutionListener, org.springframework.test.context.support.DependencyInjectionTestExecutionListener, org.springframework.test.context.support.DirtiesContextTestExecutionListener, org.springframework.test.context.transaction.TransactionalTestExecutionListener, org.springframework.test.context.jdbc.SqlScriptsTestExecutionListener]
2019-04-10 03:03:00.187 [main] INFO  o.s.b.t.c.SpringBootTestContextBootstrapper - Using TestExecutionListeners: [org.springframework.test.context.web.ServletTestExecutionListener@68267da0, org.springframework.test.context.support.DirtiesContextBeforeModesTestExecutionListener@2638011, org.springframework.boot.test.mock.mockito.MockitoTestExecutionListener@6ff29830, org.springframework.boot.test.autoconfigure.SpringBootDependencyInjectionTestExecutionListener@6a2b953e, org.springframework.test.context.support.DirtiesContextTestExecutionListener@313b2ea6, org.springframework.test.context.transaction.TransactionalTestExecutionListener@2f465398, org.springframework.test.context.jdbc.SqlScriptsTestExecutionListener@548e6d58, org.springframework.boot.test.mock.mockito.ResetMocksTestExecutionListener@623a8092, org.springframework.boot.test.autoconfigure.restdocs.RestDocsTestExecutionListener@a1cdc6d, org.springframework.boot.test.autoconfigure.web.client.MockRestServiceServerResetTestExecutionListener@175b9425, org.springframework.boot.test.autoconfigure.web.servlet.MockMvcPrintOnlyOnFailureTestExecutionListener@3098cf3b, org.springframework.boot.test.autoconfigure.web.servlet.WebDriverTestExecutionListener@610f7aa]
2019-04-10 03:03:02.055 [main] INFO  c.d.m.d.s.impl.UserServiceImplTest - Starting UserServiceImplTest on thinkpad-pc with PID 31668 (started by RID in E:\DevSoft\COURSE_sourcecode\open-class\mybatis-code-helper)
2019-04-10 03:03:02.055 [main] DEBUG c.d.m.d.s.impl.UserServiceImplTest - Running with Spring Boot v2.1.2.RELEASE, Spring v5.1.4.RELEASE
2019-04-10 03:03:02.055 [main] INFO  c.d.m.d.s.impl.UserServiceImplTest - The following profiles are active: dev
2019-04-10 03:03:03.840 [main] DEBUG o.m.s.mapper.ClassPathMapperScanner - Ignored because not a concrete top-level class: file [E:\DevSoft\COURSE_sourcecode\open-class\mybatis-code-helper\target\test-classes\cc\dt\mch\demo\service\impl\UserServiceImplTest.class]
2019-04-10 03:03:03.840 [main] DEBUG o.m.s.mapper.ClassPathMapperScanner - Ignored because not a concrete top-level class: file [E:\DevSoft\COURSE_sourcecode\open-class\mybatis-code-helper\target\classes\cc\dt\mch\demo\OpenClassApplication.class]
2019-04-10 03:03:03.840 [main] DEBUG o.m.s.mapper.ClassPathMapperScanner - Identified candidate component class: file [E:\DevSoft\COURSE_sourcecode\open-class\mybatis-code-helper\target\classes\cc\dt\mch\demo\dao\UserMapper.class]
2019-04-10 03:03:03.840 [main] DEBUG o.m.s.mapper.ClassPathMapperScanner - Ignored because not a concrete top-level class: file [E:\DevSoft\COURSE_sourcecode\open-class\mybatis-code-helper\target\classes\cc\dt\mch\demo\pojo\User.class]
2019-04-10 03:03:03.840 [main] DEBUG o.m.s.mapper.ClassPathMapperScanner - Identified candidate component class: file [E:\DevSoft\COURSE_sourcecode\open-class\mybatis-code-helper\target\classes\cc\dt\mch\demo\service\UserService.class]
2019-04-10 03:03:03.840 [main] DEBUG o.m.s.mapper.ClassPathMapperScanner - Ignored because not a concrete top-level class: file [E:\DevSoft\COURSE_sourcecode\open-class\mybatis-code-helper\target\classes\cc\dt\mch\demo\service\impl\UserServiceImpl.class]
2019-04-10 03:03:03.848 [main] DEBUG o.m.s.mapper.ClassPathMapperScanner - Creating MapperFactoryBean with name 'userMapper' and 'cc.dt.mch.demo.dao.UserMapper' mapperInterface
2019-04-10 03:03:03.848 [main] DEBUG o.m.s.mapper.ClassPathMapperScanner - Enabling autowire by type for MapperFactoryBean with name 'userMapper'.
2019-04-10 03:03:03.850 [main] DEBUG o.m.s.mapper.ClassPathMapperScanner - Creating MapperFactoryBean with name 'userService' and 'cc.dt.mch.demo.service.UserService' mapperInterface
2019-04-10 03:03:03.850 [main] DEBUG o.m.s.mapper.ClassPathMapperScanner - Enabling autowire by type for MapperFactoryBean with name 'userService'.
2019-04-10 03:03:04.325 [main] INFO  o.s.d.r.c.RepositoryConfigurationDelegate - Bootstrapping Spring Data repositories in DEFAULT mode.
2019-04-10 03:03:04.436 [main] INFO  o.s.d.r.c.RepositoryConfigurationDelegate - Finished Spring Data repository scanning in 81ms. Found 0 repository interfaces.
2019-04-10 03:03:05.880 [main] INFO  o.s.c.s.PostProcessorRegistrationDelegate$BeanPostProcessorChecker - Bean 'org.springframework.transaction.annotation.ProxyTransactionManagementConfiguration' of type [org.springframework.transaction.annotation.ProxyTransactionManagementConfiguration$$EnhancerBySpringCGLIB$$8c392ce5] is not eligible for getting processed by all BeanPostProcessors (for example: not eligible for auto-proxying)
2019-04-10 03:03:07.484 [main] INFO  c.alibaba.druid.pool.DruidDataSource - {dataSource-1} inited
2019-04-10 03:03:08.898 [main] INFO  o.h.jpa.internal.util.LogHelper - HHH000204: Processing PersistenceUnitInfo [
	name: default
	...]
2019-04-10 03:03:09.625 [main] INFO  org.hibernate.Version - HHH000412: Hibernate Core {5.3.7.Final}
2019-04-10 03:03:09.645 [main] INFO  org.hibernate.cfg.Environment - HHH000206: hibernate.properties not found
2019-04-10 03:03:10.271 [main] INFO  o.h.annotations.common.Version - HCANN000001: Hibernate Commons Annotations {5.0.4.Final}
2019-04-10 03:03:13.653 [main] INFO  org.hibernate.dialect.Dialect - HHH000400: Using dialect: org.hibernate.dialect.MySQL5Dialect
2019-04-10 03:03:14.517 [main] INFO  o.s.o.j.LocalContainerEntityManagerFactoryBean - Initialized JPA EntityManagerFactory for persistence unit 'default'
2019-04-10 03:03:14.902 [main] DEBUG org.apache.ibatis.logging.LogFactory - Logging initialized using 'class org.apache.ibatis.logging.slf4j.Slf4jImpl' adapter.
2019-04-10 03:03:16.339 [main] DEBUG o.m.spring.SqlSessionFactoryBean - Parsed mapper file: 'file [E:\DevSoft\COURSE_sourcecode\open-class\mybatis-code-helper\target\classes\mapper\UserMapper.xml]'
2019-04-10 03:03:20.039 [main] INFO  o.s.s.c.ThreadPoolTaskExecutor - Initializing ExecutorService 'applicationTaskExecutor'
2019-04-10 03:03:20.554 [main] WARN  o.s.b.a.o.j.JpaBaseConfiguration$JpaWebConfiguration$JpaWebMvcConfiguration - spring.jpa.open-in-view is enabled by default. Therefore, database queries may be performed during view rendering. Explicitly configure spring.jpa.open-in-view to disable this warning
2019-04-10 03:03:22.933 [main] INFO  c.d.m.d.s.impl.UserServiceImplTest - Started UserServiceImplTest in 22.515 seconds (JVM running for 25.682)
2019-04-10 03:03:24.165 [main] ERROR o.s.test.context.TestContextManager - Caught exception while allowing TestExecutionListener [org.springframework.boot.test.autoconfigure.SpringBootDependencyInjectionTestExecutionListener@6a2b953e] to prepare test instance [cc.dt.mch.demo.service.impl.UserServiceImplTest@2db15f70]
org.springframework.beans.factory.BeanCreationException: Error creating bean with name 'cc.dt.mch.demo.service.impl.UserServiceImplTest': Injection of resource dependencies failed; nested exception is org.springframework.beans.factory.NoUniqueBeanDefinitionException: No qualifying bean of type 'cc.dt.mch.demo.service.UserService' available: expected single matching bean but found 2: userServiceImpl,userService
	at org.springframework.context.annotation.CommonAnnotationBeanPostProcessor.postProcessProperties(CommonAnnotationBeanPostProcessor.java:324)
	at org.springframework.beans.factory.support.AbstractAutowireCapableBeanFactory.populateBean(AbstractAutowireCapableBeanFactory.java:1378)
	at org.springframework.beans.factory.support.AbstractAutowireCapableBeanFactory.autowireBeanProperties(AbstractAutowireCapableBeanFactory.java:396)
	at org.springframework.test.context.support.DependencyInjectionTestExecutionListener.injectDependencies(DependencyInjectionTestExecutionListener.java:119)
	at org.springframework.test.context.support.DependencyInjectionTestExecutionListener.prepareTestInstance(DependencyInjectionTestExecutionListener.java:83)
	at org.springframework.boot.test.autoconfigure.SpringBootDependencyInjectionTestExecutionListener.prepareTestInstance(SpringBootDependencyInjectionTestExecutionListener.java:44)
	at org.springframework.test.context.TestContextManager.prepareTestInstance(TestContextManager.java:246)
	at org.springframework.test.context.junit4.SpringJUnit4ClassRunner.createTest(SpringJUnit4ClassRunner.java:227)
	at org.springframework.test.context.junit4.SpringJUnit4ClassRunner$1.runReflectiveCall(SpringJUnit4ClassRunner.java:289)
	at org.junit.internal.runners.model.ReflectiveCallable.run(ReflectiveCallable.java:12)
	at org.springframework.test.context.junit4.SpringJUnit4ClassRunner.methodBlock(SpringJUnit4ClassRunner.java:291)
	at org.springframework.test.context.junit4.SpringJUnit4ClassRunner.runChild(SpringJUnit4ClassRunner.java:246)
	at org.springframework.test.context.junit4.SpringJUnit4ClassRunner.runChild(SpringJUnit4ClassRunner.java:97)
	at org.junit.runners.ParentRunner$3.run(ParentRunner.java:290)
	at org.junit.runners.ParentRunner$1.schedule(ParentRunner.java:71)
	at org.junit.runners.ParentRunner.runChildren(ParentRunner.java:288)
	at org.junit.runners.ParentRunner.access$000(ParentRunner.java:58)
	at org.junit.runners.ParentRunner$2.evaluate(ParentRunner.java:268)
	at org.springframework.test.context.junit4.statements.RunBeforeTestClassCallbacks.evaluate(RunBeforeTestClassCallbacks.java:61)
	at org.springframework.test.context.junit4.statements.RunAfterTestClassCallbacks.evaluate(RunAfterTestClassCallbacks.java:70)
	at org.junit.runners.ParentRunner.run(ParentRunner.java:363)
	at org.springframework.test.context.junit4.SpringJUnit4ClassRunner.run(SpringJUnit4ClassRunner.java:190)
	at org.junit.runner.JUnitCore.run(JUnitCore.java:137)
	at com.intellij.junit4.JUnit4IdeaTestRunner.startRunnerWithArgs(JUnit4IdeaTestRunner.java:68)
	at com.intellij.rt.execution.junit.IdeaTestRunner$Repeater.startRunnerWithArgs(IdeaTestRunner.java:47)
	at com.intellij.rt.execution.junit.JUnitStarter.prepareStreamsAndStart(JUnitStarter.java:242)
	at com.intellij.rt.execution.junit.JUnitStarter.main(JUnitStarter.java:70)
Caused by: org.springframework.beans.factory.NoUniqueBeanDefinitionException: No qualifying bean of type 'cc.dt.mch.demo.service.UserService' available: expected single matching bean but found 2: userServiceImpl,userService
	at org.springframework.beans.factory.config.DependencyDescriptor.resolveNotUnique(DependencyDescriptor.java:221)
	at org.springframework.beans.factory.support.DefaultListableBeanFactory.doResolveDependency(DefaultListableBeanFactory.java:1222)
	at org.springframework.beans.factory.support.DefaultListableBeanFactory.resolveDependency(DefaultListableBeanFactory.java:1164)
	at org.springframework.context.annotation.CommonAnnotationBeanPostProcessor.autowireResource(CommonAnnotationBeanPostProcessor.java:518)
	at org.springframework.context.annotation.CommonAnnotationBeanPostProcessor.getResource(CommonAnnotationBeanPostProcessor.java:496)
	at org.springframework.context.annotation.CommonAnnotationBeanPostProcessor$ResourceElement.getResourceToInject(CommonAnnotationBeanPostProcessor.java:630)
	at org.springframework.beans.factory.annotation.InjectionMetadata$InjectedElement.inject(InjectionMetadata.java:180)
	at org.springframework.beans.factory.annotation.InjectionMetadata.inject(InjectionMetadata.java:90)
	at org.springframework.context.annotation.CommonAnnotationBeanPostProcessor.postProcessProperties(CommonAnnotationBeanPostProcessor.java:321)
	... 26 common frames omitted
2019-04-10 03:03:24.256 [Thread-5] INFO  o.s.s.c.ThreadPoolTaskExecutor - Shutting down ExecutorService 'applicationTaskExecutor'
2019-04-10 03:03:24.256 [Thread-5] INFO  o.s.o.j.LocalContainerEntityManagerFactoryBean - Closing JPA EntityManagerFactory for persistence unit 'default'
2019-04-10 03:03:24.276 [Thread-5] INFO  c.alibaba.druid.pool.DruidDataSource - {dataSource-1} closed
2019-04-10 03:04:46.549 [main] INFO  o.s.b.t.c.SpringBootTestContextBootstrapper - Neither @ContextConfiguration nor @ContextHierarchy found for test class [cc.dt.mch.demo.service.impl.UserServiceImplTest], using SpringBootContextLoader
2019-04-10 03:04:46.565 [main] INFO  o.s.t.c.s.AbstractContextLoader - Could not detect default resource locations for test class [cc.dt.mch.demo.service.impl.UserServiceImplTest]: no resource found for suffixes {-context.xml, Context.groovy}.
2019-04-10 03:04:46.565 [main] INFO  o.s.t.c.s.AnnotationConfigContextLoaderUtils - Could not detect default configuration classes for test class [cc.dt.mch.demo.service.impl.UserServiceImplTest]: UserServiceImplTest does not declare any static, non-private, non-final, nested classes annotated with @Configuration.
2019-04-10 03:04:46.957 [main] INFO  o.s.b.t.c.SpringBootTestContextBootstrapper - Found @SpringBootConfiguration cc.dt.mch.demo.OpenClassApplication for test class cc.dt.mch.demo.service.impl.UserServiceImplTest
2019-04-10 03:04:47.299 [main] INFO  o.s.b.t.c.SpringBootTestContextBootstrapper - Loaded default TestExecutionListener class names from location [META-INF/spring.factories]: [org.springframework.boot.test.mock.mockito.MockitoTestExecutionListener, org.springframework.boot.test.mock.mockito.ResetMocksTestExecutionListener, org.springframework.boot.test.autoconfigure.restdocs.RestDocsTestExecutionListener, org.springframework.boot.test.autoconfigure.web.client.MockRestServiceServerResetTestExecutionListener, org.springframework.boot.test.autoconfigure.web.servlet.MockMvcPrintOnlyOnFailureTestExecutionListener, org.springframework.boot.test.autoconfigure.web.servlet.WebDriverTestExecutionListener, org.springframework.test.context.web.ServletTestExecutionListener, org.springframework.test.context.support.DirtiesContextBeforeModesTestExecutionListener, org.springframework.test.context.support.DependencyInjectionTestExecutionListener, org.springframework.test.context.support.DirtiesContextTestExecutionListener, org.springframework.test.context.transaction.TransactionalTestExecutionListener, org.springframework.test.context.jdbc.SqlScriptsTestExecutionListener]
2019-04-10 03:04:47.345 [main] INFO  o.s.b.t.c.SpringBootTestContextBootstrapper - Using TestExecutionListeners: [org.springframework.test.context.web.ServletTestExecutionListener@2f465398, org.springframework.test.context.support.DirtiesContextBeforeModesTestExecutionListener@548e6d58, org.springframework.boot.test.mock.mockito.MockitoTestExecutionListener@623a8092, org.springframework.boot.test.autoconfigure.SpringBootDependencyInjectionTestExecutionListener@a1cdc6d, org.springframework.test.context.support.DirtiesContextTestExecutionListener@175b9425, org.springframework.test.context.transaction.TransactionalTestExecutionListener@3098cf3b, org.springframework.test.context.jdbc.SqlScriptsTestExecutionListener@610f7aa, org.springframework.boot.test.mock.mockito.ResetMocksTestExecutionListener@6a03bcb1, org.springframework.boot.test.autoconfigure.restdocs.RestDocsTestExecutionListener@21b2e768, org.springframework.boot.test.autoconfigure.web.client.MockRestServiceServerResetTestExecutionListener@57250572, org.springframework.boot.test.autoconfigure.web.servlet.MockMvcPrintOnlyOnFailureTestExecutionListener@5609159b, org.springframework.boot.test.autoconfigure.web.servlet.WebDriverTestExecutionListener@2118cddf]
2019-04-10 03:04:49.244 [main] INFO  c.d.m.d.s.impl.UserServiceImplTest - Starting UserServiceImplTest on thinkpad-pc with PID 9124 (started by RID in E:\DevSoft\COURSE_sourcecode\open-class\mybatis-code-helper)
2019-04-10 03:04:49.244 [main] DEBUG c.d.m.d.s.impl.UserServiceImplTest - Running with Spring Boot v2.1.2.RELEASE, Spring v5.1.4.RELEASE
2019-04-10 03:04:49.244 [main] INFO  c.d.m.d.s.impl.UserServiceImplTest - The following profiles are active: dev
2019-04-10 03:04:51.405 [main] DEBUG o.m.s.mapper.ClassPathMapperScanner - Ignored because not a concrete top-level class: file [E:\DevSoft\COURSE_sourcecode\open-class\mybatis-code-helper\target\test-classes\cc\dt\mch\demo\service\impl\UserServiceImplTest.class]
2019-04-10 03:04:51.407 [main] DEBUG o.m.s.mapper.ClassPathMapperScanner - Ignored because not a concrete top-level class: file [E:\DevSoft\COURSE_sourcecode\open-class\mybatis-code-helper\target\classes\cc\dt\mch\demo\OpenClassApplication.class]
2019-04-10 03:04:51.407 [main] DEBUG o.m.s.mapper.ClassPathMapperScanner - Identified candidate component class: file [E:\DevSoft\COURSE_sourcecode\open-class\mybatis-code-helper\target\classes\cc\dt\mch\demo\dao\UserMapper.class]
2019-04-10 03:04:51.407 [main] DEBUG o.m.s.mapper.ClassPathMapperScanner - Ignored because not a concrete top-level class: file [E:\DevSoft\COURSE_sourcecode\open-class\mybatis-code-helper\target\classes\cc\dt\mch\demo\pojo\User.class]
2019-04-10 03:04:51.407 [main] DEBUG o.m.s.mapper.ClassPathMapperScanner - Identified candidate component class: file [E:\DevSoft\COURSE_sourcecode\open-class\mybatis-code-helper\target\classes\cc\dt\mch\demo\service\UserService.class]
2019-04-10 03:04:51.407 [main] DEBUG o.m.s.mapper.ClassPathMapperScanner - Ignored because not a concrete top-level class: file [E:\DevSoft\COURSE_sourcecode\open-class\mybatis-code-helper\target\classes\cc\dt\mch\demo\service\impl\UserServiceImpl.class]
2019-04-10 03:04:51.407 [main] DEBUG o.m.s.mapper.ClassPathMapperScanner - Creating MapperFactoryBean with name 'userMapper' and 'cc.dt.mch.demo.dao.UserMapper' mapperInterface
2019-04-10 03:04:51.415 [main] DEBUG o.m.s.mapper.ClassPathMapperScanner - Enabling autowire by type for MapperFactoryBean with name 'userMapper'.
2019-04-10 03:04:51.415 [main] DEBUG o.m.s.mapper.ClassPathMapperScanner - Creating MapperFactoryBean with name 'userService' and 'cc.dt.mch.demo.service.UserService' mapperInterface
2019-04-10 03:04:51.415 [main] DEBUG o.m.s.mapper.ClassPathMapperScanner - Enabling autowire by type for MapperFactoryBean with name 'userService'.
2019-04-10 03:04:51.972 [main] INFO  o.s.d.r.c.RepositoryConfigurationDelegate - Bootstrapping Spring Data repositories in DEFAULT mode.
2019-04-10 03:04:52.043 [main] INFO  o.s.d.r.c.RepositoryConfigurationDelegate - Finished Spring Data repository scanning in 51ms. Found 0 repository interfaces.
2019-04-10 03:04:53.362 [main] INFO  o.s.c.s.PostProcessorRegistrationDelegate$BeanPostProcessorChecker - Bean 'org.springframework.transaction.annotation.ProxyTransactionManagementConfiguration' of type [org.springframework.transaction.annotation.ProxyTransactionManagementConfiguration$$EnhancerBySpringCGLIB$$7c2287de] is not eligible for getting processed by all BeanPostProcessors (for example: not eligible for auto-proxying)
2019-04-10 03:04:54.415 [main] INFO  c.alibaba.druid.pool.DruidDataSource - {dataSource-1} inited
2019-04-10 03:04:55.769 [main] INFO  o.h.jpa.internal.util.LogHelper - HHH000204: Processing PersistenceUnitInfo [
	name: default
	...]
2019-04-10 03:04:56.427 [main] INFO  org.hibernate.Version - HHH000412: Hibernate Core {5.3.7.Final}
2019-04-10 03:04:56.437 [main] INFO  org.hibernate.cfg.Environment - HHH000206: hibernate.properties not found
2019-04-10 03:04:57.609 [main] INFO  o.h.annotations.common.Version - HCANN000001: Hibernate Commons Annotations {5.0.4.Final}
2019-04-10 03:04:58.878 [main] INFO  org.hibernate.dialect.Dialect - HHH000400: Using dialect: org.hibernate.dialect.MySQL5Dialect
2019-04-10 03:04:59.524 [main] INFO  o.s.o.j.LocalContainerEntityManagerFactoryBean - Initialized JPA EntityManagerFactory for persistence unit 'default'
2019-04-10 03:04:59.655 [main] DEBUG org.apache.ibatis.logging.LogFactory - Logging initialized using 'class org.apache.ibatis.logging.slf4j.Slf4jImpl' adapter.
2019-04-10 03:05:00.027 [main] DEBUG o.m.spring.SqlSessionFactoryBean - Parsed mapper file: 'file [E:\DevSoft\COURSE_sourcecode\open-class\mybatis-code-helper\target\classes\mapper\UserMapper.xml]'
2019-04-10 03:05:01.564 [main] INFO  o.s.s.c.ThreadPoolTaskExecutor - Initializing ExecutorService 'applicationTaskExecutor'
2019-04-10 03:05:01.695 [main] WARN  o.s.b.a.o.j.JpaBaseConfiguration$JpaWebConfiguration$JpaWebMvcConfiguration - spring.jpa.open-in-view is enabled by default. Therefore, database queries may be performed during view rendering. Explicitly configure spring.jpa.open-in-view to disable this warning
2019-04-10 03:05:02.645 [main] INFO  c.d.m.d.s.impl.UserServiceImplTest - Started UserServiceImplTest in 15.165 seconds (JVM running for 18.835)
2019-04-10 03:05:02.756 [main] DEBUG org.mybatis.spring.SqlSessionUtils - Creating a new SqlSession
2019-04-10 03:05:02.774 [main] DEBUG org.mybatis.spring.SqlSessionUtils - SqlSession [org.apache.ibatis.session.defaults.DefaultSqlSession@1e30db85] was not registered for synchronization because synchronization is not active
2019-04-10 03:05:02.786 [main] DEBUG o.m.s.t.SpringManagedTransaction - JDBC Connection [com.mysql.cj.jdbc.ConnectionImpl@4ae2e781] will not be managed by Spring
2019-04-10 03:05:02.796 [main] DEBUG cc.dt.mch.demo.dao.UserMapper.insert - ==>  Preparing: INSERT INTO user ( id, `password`, gender, age, nation, marital_status, birth, id_number, education_background, university_degree ) VALUES ( ?, ?, ?, ?, ?, ?, ?, ?, ?, ? ) 
2019-04-10 03:05:02.857 [main] DEBUG cc.dt.mch.demo.dao.UserMapper.insert - ==> Parameters: null, null, null, 25(Integer), null, null, null, null, null, null
2019-04-10 03:05:02.907 [main] DEBUG cc.dt.mch.demo.dao.UserMapper.insert - <==    Updates: 1
2019-04-10 03:05:02.917 [main] DEBUG org.mybatis.spring.SqlSessionUtils - Closing non transactional SqlSession [org.apache.ibatis.session.defaults.DefaultSqlSession@1e30db85]
2019-04-10 03:05:02.938 [Thread-5] INFO  o.s.s.c.ThreadPoolTaskExecutor - Shutting down ExecutorService 'applicationTaskExecutor'
2019-04-10 03:05:02.938 [Thread-5] INFO  o.s.o.j.LocalContainerEntityManagerFactoryBean - Closing JPA EntityManagerFactory for persistence unit 'default'
2019-04-10 03:05:02.948 [Thread-5] INFO  c.alibaba.druid.pool.DruidDataSource - {dataSource-1} closed
2019-04-10 03:09:51.788 [main] INFO  o.s.b.t.c.SpringBootTestContextBootstrapper - Neither @ContextConfiguration nor @ContextHierarchy found for test class [cc.dt.mch.demo.service.impl.UserServiceImplTest], using SpringBootContextLoader
2019-04-10 03:09:51.804 [main] INFO  o.s.t.c.s.AbstractContextLoader - Could not detect default resource locations for test class [cc.dt.mch.demo.service.impl.UserServiceImplTest]: no resource found for suffixes {-context.xml, Context.groovy}.
2019-04-10 03:09:51.819 [main] INFO  o.s.t.c.s.AnnotationConfigContextLoaderUtils - Could not detect default configuration classes for test class [cc.dt.mch.demo.service.impl.UserServiceImplTest]: UserServiceImplTest does not declare any static, non-private, non-final, nested classes annotated with @Configuration.
2019-04-10 03:09:52.195 [main] INFO  o.s.b.t.c.SpringBootTestContextBootstrapper - Found @SpringBootConfiguration cc.dt.mch.demo.OpenClassApplication for test class cc.dt.mch.demo.service.impl.UserServiceImplTest
2019-04-10 03:09:52.508 [main] INFO  o.s.b.t.c.SpringBootTestContextBootstrapper - Loaded default TestExecutionListener class names from location [META-INF/spring.factories]: [org.springframework.boot.test.mock.mockito.MockitoTestExecutionListener, org.springframework.boot.test.mock.mockito.ResetMocksTestExecutionListener, org.springframework.boot.test.autoconfigure.restdocs.RestDocsTestExecutionListener, org.springframework.boot.test.autoconfigure.web.client.MockRestServiceServerResetTestExecutionListener, org.springframework.boot.test.autoconfigure.web.servlet.MockMvcPrintOnlyOnFailureTestExecutionListener, org.springframework.boot.test.autoconfigure.web.servlet.WebDriverTestExecutionListener, org.springframework.test.context.web.ServletTestExecutionListener, org.springframework.test.context.support.DirtiesContextBeforeModesTestExecutionListener, org.springframework.test.context.support.DependencyInjectionTestExecutionListener, org.springframework.test.context.support.DirtiesContextTestExecutionListener, org.springframework.test.context.transaction.TransactionalTestExecutionListener, org.springframework.test.context.jdbc.SqlScriptsTestExecutionListener]
2019-04-10 03:09:52.542 [main] INFO  o.s.b.t.c.SpringBootTestContextBootstrapper - Using TestExecutionListeners: [org.springframework.test.context.web.ServletTestExecutionListener@548e6d58, org.springframework.test.context.support.DirtiesContextBeforeModesTestExecutionListener@623a8092, org.springframework.boot.test.mock.mockito.MockitoTestExecutionListener@a1cdc6d, org.springframework.boot.test.autoconfigure.SpringBootDependencyInjectionTestExecutionListener@175b9425, org.springframework.test.context.support.DirtiesContextTestExecutionListener@3098cf3b, org.springframework.test.context.transaction.TransactionalTestExecutionListener@610f7aa, org.springframework.test.context.jdbc.SqlScriptsTestExecutionListener@6a03bcb1, org.springframework.boot.test.mock.mockito.ResetMocksTestExecutionListener@21b2e768, org.springframework.boot.test.autoconfigure.restdocs.RestDocsTestExecutionListener@57250572, org.springframework.boot.test.autoconfigure.web.client.MockRestServiceServerResetTestExecutionListener@5609159b, org.springframework.boot.test.autoconfigure.web.servlet.MockMvcPrintOnlyOnFailureTestExecutionListener@2118cddf, org.springframework.boot.test.autoconfigure.web.servlet.WebDriverTestExecutionListener@17a7f733]
2019-04-10 03:09:54.445 [main] INFO  c.d.m.d.s.impl.UserServiceImplTest - Starting UserServiceImplTest on thinkpad-pc with PID 38132 (started by RID in E:\DevSoft\COURSE_sourcecode\open-class\mybatis-code-helper)
2019-04-10 03:09:54.445 [main] DEBUG c.d.m.d.s.impl.UserServiceImplTest - Running with Spring Boot v2.1.2.RELEASE, Spring v5.1.4.RELEASE
2019-04-10 03:09:54.445 [main] INFO  c.d.m.d.s.impl.UserServiceImplTest - The following profiles are active: dev
2019-04-10 03:09:56.469 [main] DEBUG o.m.s.mapper.ClassPathMapperScanner - Ignored because not a concrete top-level class: file [E:\DevSoft\COURSE_sourcecode\open-class\mybatis-code-helper\target\test-classes\cc\dt\mch\demo\service\impl\UserServiceImplTest.class]
2019-04-10 03:09:56.469 [main] DEBUG o.m.s.mapper.ClassPathMapperScanner - Ignored because not a concrete top-level class: file [E:\DevSoft\COURSE_sourcecode\open-class\mybatis-code-helper\target\classes\cc\dt\mch\demo\OpenClassApplication.class]
2019-04-10 03:09:56.469 [main] DEBUG o.m.s.mapper.ClassPathMapperScanner - Identified candidate component class: file [E:\DevSoft\COURSE_sourcecode\open-class\mybatis-code-helper\target\classes\cc\dt\mch\demo\dao\UserMapper.class]
2019-04-10 03:09:56.469 [main] DEBUG o.m.s.mapper.ClassPathMapperScanner - Ignored because not a concrete top-level class: file [E:\DevSoft\COURSE_sourcecode\open-class\mybatis-code-helper\target\classes\cc\dt\mch\demo\pojo\User.class]
2019-04-10 03:09:56.477 [main] DEBUG o.m.s.mapper.ClassPathMapperScanner - Identified candidate component class: file [E:\DevSoft\COURSE_sourcecode\open-class\mybatis-code-helper\target\classes\cc\dt\mch\demo\service\UserService.class]
2019-04-10 03:09:56.479 [main] DEBUG o.m.s.mapper.ClassPathMapperScanner - Ignored because not a concrete top-level class: file [E:\DevSoft\COURSE_sourcecode\open-class\mybatis-code-helper\target\classes\cc\dt\mch\demo\service\impl\UserServiceImpl.class]
2019-04-10 03:09:56.487 [main] DEBUG o.m.s.mapper.ClassPathMapperScanner - Creating MapperFactoryBean with name 'userMapper' and 'cc.dt.mch.demo.dao.UserMapper' mapperInterface
2019-04-10 03:09:56.487 [main] DEBUG o.m.s.mapper.ClassPathMapperScanner - Enabling autowire by type for MapperFactoryBean with name 'userMapper'.
2019-04-10 03:09:56.487 [main] DEBUG o.m.s.mapper.ClassPathMapperScanner - Creating MapperFactoryBean with name 'userService' and 'cc.dt.mch.demo.service.UserService' mapperInterface
2019-04-10 03:09:56.487 [main] DEBUG o.m.s.mapper.ClassPathMapperScanner - Enabling autowire by type for MapperFactoryBean with name 'userService'.
2019-04-10 03:09:56.922 [main] INFO  o.s.d.r.c.RepositoryConfigurationDelegate - Bootstrapping Spring Data repositories in DEFAULT mode.
2019-04-10 03:09:56.989 [main] INFO  o.s.d.r.c.RepositoryConfigurationDelegate - Finished Spring Data repository scanning in 47ms. Found 0 repository interfaces.
2019-04-10 03:09:58.202 [main] INFO  o.s.c.s.PostProcessorRegistrationDelegate$BeanPostProcessorChecker - Bean 'org.springframework.transaction.annotation.ProxyTransactionManagementConfiguration' of type [org.springframework.transaction.annotation.ProxyTransactionManagementConfiguration$$EnhancerBySpringCGLIB$$ff82c620] is not eligible for getting processed by all BeanPostProcessors (for example: not eligible for auto-proxying)
2019-04-10 03:09:59.344 [main] INFO  c.alibaba.druid.pool.DruidDataSource - {dataSource-1} inited
2019-04-10 03:10:00.591 [main] INFO  o.h.jpa.internal.util.LogHelper - HHH000204: Processing PersistenceUnitInfo [
	name: default
	...]
2019-04-10 03:10:01.108 [main] INFO  org.hibernate.Version - HHH000412: Hibernate Core {5.3.7.Final}
2019-04-10 03:10:01.108 [main] INFO  org.hibernate.cfg.Environment - HHH000206: hibernate.properties not found
2019-04-10 03:10:01.723 [main] INFO  o.h.annotations.common.Version - HCANN000001: Hibernate Commons Annotations {5.0.4.Final}
2019-04-10 03:10:02.753 [main] INFO  org.hibernate.dialect.Dialect - HHH000400: Using dialect: org.hibernate.dialect.MySQL5Dialect
2019-04-10 03:10:03.359 [main] INFO  o.s.o.j.LocalContainerEntityManagerFactoryBean - Initialized JPA EntityManagerFactory for persistence unit 'default'
2019-04-10 03:10:03.460 [main] DEBUG org.apache.ibatis.logging.LogFactory - Logging initialized using 'class org.apache.ibatis.logging.slf4j.Slf4jImpl' adapter.
2019-04-10 03:10:03.870 [main] DEBUG o.m.spring.SqlSessionFactoryBean - Parsed mapper file: 'file [E:\DevSoft\COURSE_sourcecode\open-class\mybatis-code-helper\target\classes\mapper\UserMapper.xml]'
2019-04-10 03:10:05.427 [main] INFO  o.s.s.c.ThreadPoolTaskExecutor - Initializing ExecutorService 'applicationTaskExecutor'
2019-04-10 03:10:05.548 [main] WARN  o.s.b.a.o.j.JpaBaseConfiguration$JpaWebConfiguration$JpaWebMvcConfiguration - spring.jpa.open-in-view is enabled by default. Therefore, database queries may be performed during view rendering. Explicitly configure spring.jpa.open-in-view to disable this warning
2019-04-10 03:10:06.458 [main] INFO  c.d.m.d.s.impl.UserServiceImplTest - Started UserServiceImplTest in 13.784 seconds (JVM running for 16.7)
2019-04-10 03:10:06.569 [main] DEBUG org.mybatis.spring.SqlSessionUtils - Creating a new SqlSession
2019-04-10 03:10:06.579 [main] DEBUG org.mybatis.spring.SqlSessionUtils - SqlSession [org.apache.ibatis.session.defaults.DefaultSqlSession@7fef0b40] was not registered for synchronization because synchronization is not active
2019-04-10 03:10:06.610 [main] DEBUG o.m.s.t.SpringManagedTransaction - JDBC Connection [com.mysql.cj.jdbc.ConnectionImpl@6d0290d8] will not be managed by Spring
2019-04-10 03:10:06.618 [main] DEBUG c.d.m.demo.dao.UserMapper.deleteAll - ==>  Preparing: delete from user 
2019-04-10 03:10:06.660 [main] DEBUG c.d.m.demo.dao.UserMapper.deleteAll - ==> Parameters: 
2019-04-10 03:10:06.701 [main] DEBUG c.d.m.demo.dao.UserMapper.deleteAll - <==    Updates: 32
2019-04-10 03:10:06.701 [main] DEBUG org.mybatis.spring.SqlSessionUtils - Closing non transactional SqlSession [org.apache.ibatis.session.defaults.DefaultSqlSession@7fef0b40]
2019-04-10 03:10:06.913 [main] DEBUG org.mybatis.spring.SqlSessionUtils - Creating a new SqlSession
2019-04-10 03:10:06.913 [main] DEBUG org.mybatis.spring.SqlSessionUtils - SqlSession [org.apache.ibatis.session.defaults.DefaultSqlSession@1e40fbb3] was not registered for synchronization because synchronization is not active
2019-04-10 03:10:06.984 [main] DEBUG o.m.s.t.SpringManagedTransaction - JDBC Connection [com.mysql.cj.jdbc.ConnectionImpl@6d0290d8] will not be managed by Spring
2019-04-10 03:10:06.984 [main] DEBUG c.d.m.demo.dao.UserMapper.insertList - ==>  Preparing: INSERT INTO user ( id, `password`, gender, age, nation, marital_status, birth, id_number, education_background, university_degree )VALUES ( ?, ?, ?, ?, ?, ?, ?, ?, ?, ? ) , ( ?, ?, ?, ?, ?, ?, ?, ?, ?, ? ) , ( ?, ?, ?, ?, ?, ?, ?, ?, ?, ? ) , ( ?, ?, ?, ?, ?, ?, ?, ?, ?, ? ) , ( ?, ?, ?, ?, ?, ?, ?, ?, ?, ? ) 
2019-04-10 03:10:07.002 [main] DEBUG c.d.m.demo.dao.UserMapper.insertList - ==> Parameters: null, null, null, 18(Integer), han(String), null, 2019-04-10 03:10:06.701(Timestamp), null, null, null, null, null, null, 19(Integer), han(String), null, 2019-04-10 03:10:06.911(Timestamp), null, null, null, null, null, null, 20(Integer), han(String), null, 2019-04-10 03:10:06.911(Timestamp), null, null, null, null, null, null, 21(Integer), han(String), null, 2019-04-10 03:10:06.911(Timestamp), null, null, null, null, null, null, 22(Integer), han(String), null, 2019-04-10 03:10:06.913(Timestamp), null, null, null
2019-04-10 03:10:07.035 [main] DEBUG c.d.m.demo.dao.UserMapper.insertList - <==    Updates: 5
2019-04-10 03:10:07.035 [main] DEBUG org.mybatis.spring.SqlSessionUtils - Closing non transactional SqlSession [org.apache.ibatis.session.defaults.DefaultSqlSession@1e40fbb3]
2019-04-10 03:10:07.045 [Thread-5] INFO  o.s.s.c.ThreadPoolTaskExecutor - Shutting down ExecutorService 'applicationTaskExecutor'
2019-04-10 03:10:07.053 [Thread-5] INFO  o.s.o.j.LocalContainerEntityManagerFactoryBean - Closing JPA EntityManagerFactory for persistence unit 'default'
2019-04-10 03:10:07.065 [Thread-5] INFO  c.alibaba.druid.pool.DruidDataSource - {dataSource-1} closed
